build/app/intermediates/manifest_merge_blame_file/release/manifest-merger-blame-release-report.txt
1<?xml version="1.0" encoding="utf-8"?>
2<manifest xmlns:android="http://schemas.android.com/apk/res/android"
3    package="com.example.toll_plaza"
4    android:versionCode="3"
5    android:versionName="2.3.2" >
6
7    <uses-sdk
8        android:minSdkVersion="23"
8-->src\main\AndroidManifest.xml
9        android:targetSdkVersion="30" />
9-->src\main\AndroidManifest.xml
10    <!--
11         io.flutter.app.FlutterApplication is an android.app.Application that
12         calls FlutterMain.startInitialization(this); in its onCreate method.
13         In most cases you can leave this as-is, but you if you want to provide
14         additional functionality it is fine to subclass or reimplement
15         FlutterApplication and put your custom class here.
16    -->
17    <uses-permission android:name="android.permission.INTERNET" />
17-->src\main\AndroidManifest.xml:8:5-66
17-->src\main\AndroidManifest.xml:8:22-64
18    <uses-permission android:name="android.permission.WRITE_EXTERNAL_STORAGE" />
18-->src\main\AndroidManifest.xml:9:5-80
18-->src\main\AndroidManifest.xml:9:22-78
19    <uses-permission android:name="android.permission.READ_EXTERNAL_STORAGE" />
19-->[:file_picker] AndroidManifest.xml:7:5-80
19-->[:file_picker] AndroidManifest.xml:7:22-77
20
21    <queries>
21-->[:file_picker] AndroidManifest.xml:9:5-15:15
22        <intent>
22-->[:file_picker] AndroidManifest.xml:10:9-14:18
23            <action android:name="android.intent.action.GET_CONTENT" />
23-->[:file_picker] AndroidManifest.xml:11:13-72
23-->[:file_picker] AndroidManifest.xml:11:21-69
24
25            <data android:mimeType="*/*" />
25-->[:file_picker] AndroidManifest.xml:13:13-44
25-->[:file_picker] AndroidManifest.xml:13:19-41
26        </intent>
27    </queries>
28
29    <uses-permission android:name="android.permission.ACCESS_NETWORK_STATE" />
29-->[:connectivity] AndroidManifest.xml:7:5-79
29-->[:connectivity] AndroidManifest.xml:7:22-76
30    <uses-permission android:name="android.permission.WAKE_LOCK" />
30-->[com.google.android.gms:play-services-measurement-api:19.0.2] AndroidManifest.xml:24:5-68
30-->[com.google.android.gms:play-services-measurement-api:19.0.2] AndroidManifest.xml:24:22-65
31    <uses-permission android:name="com.google.android.finsky.permission.BIND_GET_INSTALL_REFERRER_SERVICE" />
31-->[com.google.android.gms:play-services-measurement:19.0.2] AndroidManifest.xml:26:5-110
31-->[com.google.android.gms:play-services-measurement:19.0.2] AndroidManifest.xml:26:22-107
32
33    <application
33-->src\main\AndroidManifest.xml:10:5-48:19
34        android:appComponentFactory="androidx.core.app.CoreComponentFactory"
34-->[androidx.core:core:1.1.0] AndroidManifest.xml:24:18-86
35        android:icon="@mipmap/launcher_icon"
35-->src\main\AndroidManifest.xml:12:9-45
36        android:label="Regnum Toll" >
36-->src\main\AndroidManifest.xml:11:9-36
37        <activity
37-->src\main\AndroidManifest.xml:13:9-42:20
38            android:name="com.example.toll_plaza.MainActivity"
38-->src\main\AndroidManifest.xml:14:13-41
39            android:configChanges="orientation|keyboardHidden|keyboard|screenSize|smallestScreenSize|locale|layoutDirection|fontScale|screenLayout|density|uiMode"
39-->src\main\AndroidManifest.xml:17:13-163
40            android:hardwareAccelerated="true"
40-->src\main\AndroidManifest.xml:18:13-47
41            android:launchMode="singleTop"
41-->src\main\AndroidManifest.xml:15:13-43
42            android:theme="@style/LaunchTheme"
42-->src\main\AndroidManifest.xml:16:13-47
43            android:windowSoftInputMode="adjustResize" >
43-->src\main\AndroidManifest.xml:19:13-55
44
45            <!--
46                 Specifies an Android theme to apply to this Activity as soon as
47                 the Android process has started. This theme is visible to the user
48                 while the Flutter UI initializes. After that, this theme continues
49                 to determine the Window background behind the Flutter UI.
50            -->
51
52            <meta-data
52-->src\main\AndroidManifest.xml:25:13-28:17
53                android:name="io.flutter.embedding.android.NormalTheme"
53-->src\main\AndroidManifest.xml:26:15-70
54                android:resource="@style/NormalTheme" />
54-->src\main\AndroidManifest.xml:27:15-52
55            <!--
56                 Displays an Android View that continues showing the launch screen
57                 Drawable until Flutter paints its first frame, then this splash
58                 screen fades out. A splash screen is useful to avoid any visual
59                 gap between the end of Android's launch screen and the painting of
60                 Flutter's first frame.
61            -->
62            <meta-data
62-->src\main\AndroidManifest.xml:34:13-37:17
63                android:name="io.flutter.embedding.android.SplashScreenDrawable"
63-->src\main\AndroidManifest.xml:35:15-79
64                android:resource="@drawable/launch_background" />
64-->src\main\AndroidManifest.xml:36:15-61
65
66            <intent-filter>
66-->src\main\AndroidManifest.xml:38:13-41:29
67                <action android:name="android.intent.action.MAIN" />
67-->src\main\AndroidManifest.xml:39:17-68
67-->src\main\AndroidManifest.xml:39:25-66
68
69                <category android:name="android.intent.category.LAUNCHER" />
69-->src\main\AndroidManifest.xml:40:17-76
69-->src\main\AndroidManifest.xml:40:27-74
70            </intent-filter>
71        </activity>
72        <!--
73             Don't delete the meta-data below.
74             This is used by the Flutter tool to generate GeneratedPluginRegistrant.java
75        -->
76        <meta-data
76-->src\main\AndroidManifest.xml:45:9-47:33
77            android:name="flutterEmbedding"
77-->src\main\AndroidManifest.xml:46:13-44
78            android:value="2" />
78-->src\main\AndroidManifest.xml:47:13-30
79
80        <service
80-->[:firebase_auth] AndroidManifest.xml:8:9-12:19
81            android:name="com.google.firebase.components.ComponentDiscoveryService"
81-->[:firebase_auth] AndroidManifest.xml:8:18-89
82            android:directBootAware="true"
82-->[com.google.firebase:firebase-common:20.0.0] AndroidManifest.xml:35:13-43
83            android:exported="false" >
83-->[com.google.firebase:firebase-auth:21.0.1] AndroidManifest.xml:76:13-37
84            <meta-data
84-->[:firebase_auth] AndroidManifest.xml:9:13-11:85
85                android:name="com.google.firebase.components:io.flutter.plugins.firebase.auth.FlutterFirebaseAuthRegistrar"
85-->[:firebase_auth] AndroidManifest.xml:10:17-124
86                android:value="com.google.firebase.components.ComponentRegistrar" />
86-->[:firebase_auth] AndroidManifest.xml:11:17-82
87            <meta-data
87-->[:firebase_database] AndroidManifest.xml:9:13-11:85
88                android:name="com.google.firebase.components:io.flutter.plugins.firebase.database.FlutterFirebaseAppRegistrar"
88-->[:firebase_database] AndroidManifest.xml:10:17-127
89                android:value="com.google.firebase.components.ComponentRegistrar" />
89-->[:firebase_database] AndroidManifest.xml:11:17-82
90            <meta-data
90-->[:cloud_firestore] AndroidManifest.xml:9:13-11:85
91                android:name="com.google.firebase.components:io.flutter.plugins.firebase.firestore.FlutterFirebaseFirestoreRegistrar"
91-->[:cloud_firestore] AndroidManifest.xml:10:17-134
92                android:value="com.google.firebase.components.ComponentRegistrar" />
92-->[:cloud_firestore] AndroidManifest.xml:11:17-82
93            <meta-data
93-->[:firebase_core] AndroidManifest.xml:9:13-11:85
94                android:name="com.google.firebase.components:io.flutter.plugins.firebase.core.FlutterFirebaseCoreRegistrar"
94-->[:firebase_core] AndroidManifest.xml:10:17-124
95                android:value="com.google.firebase.components.ComponentRegistrar" />
95-->[:firebase_core] AndroidManifest.xml:11:17-82
96            <meta-data
96-->[com.google.firebase:firebase-auth:21.0.1] AndroidManifest.xml:77:13-79:85
97                android:name="com.google.firebase.components:com.google.firebase.auth.FirebaseAuthRegistrar"
97-->[com.google.firebase:firebase-auth:21.0.1] AndroidManifest.xml:78:17-109
98                android:value="com.google.firebase.components.ComponentRegistrar" />
98-->[com.google.firebase:firebase-auth:21.0.1] AndroidManifest.xml:79:17-82
99            <meta-data
99-->[com.google.firebase:firebase-firestore:23.0.4] AndroidManifest.xml:20:13-22:85
100                android:name="com.google.firebase.components:com.google.firebase.firestore.FirestoreRegistrar"
100-->[com.google.firebase:firebase-firestore:23.0.4] AndroidManifest.xml:21:17-111
101                android:value="com.google.firebase.components.ComponentRegistrar" />
101-->[com.google.firebase:firebase-firestore:23.0.4] AndroidManifest.xml:22:17-82
102            <meta-data
102-->[com.google.firebase:firebase-database:20.0.2] AndroidManifest.xml:32:13-34:85
103                android:name="com.google.firebase.components:com.google.firebase.database.DatabaseRegistrar"
103-->[com.google.firebase:firebase-database:20.0.2] AndroidManifest.xml:33:17-109
104                android:value="com.google.firebase.components.ComponentRegistrar" />
104-->[com.google.firebase:firebase-database:20.0.2] AndroidManifest.xml:34:17-82
105            <meta-data
105-->[com.google.android.gms:play-services-measurement-api:19.0.2] AndroidManifest.xml:30:13-32:85
106                android:name="com.google.firebase.components:com.google.firebase.analytics.connector.internal.AnalyticsConnectorRegistrar"
106-->[com.google.android.gms:play-services-measurement-api:19.0.2] AndroidManifest.xml:31:17-139
107                android:value="com.google.firebase.components.ComponentRegistrar" />
107-->[com.google.android.gms:play-services-measurement-api:19.0.2] AndroidManifest.xml:32:17-82
108            <meta-data
108-->[com.google.firebase:firebase-installations:17.0.0] AndroidManifest.xml:18:13-20:85
109                android:name="com.google.firebase.components:com.google.firebase.installations.FirebaseInstallationsRegistrar"
109-->[com.google.firebase:firebase-installations:17.0.0] AndroidManifest.xml:19:17-127
110                android:value="com.google.firebase.components.ComponentRegistrar" />
110-->[com.google.firebase:firebase-installations:17.0.0] AndroidManifest.xml:20:17-82
111        </service>
112
113        <activity
113-->[com.google.firebase:firebase-auth:21.0.1] AndroidManifest.xml:27:9-44:20
114            android:name="com.google.firebase.auth.internal.GenericIdpActivity"
114-->[com.google.firebase:firebase-auth:21.0.1] AndroidManifest.xml:28:13-80
115            android:excludeFromRecents="true"
115-->[com.google.firebase:firebase-auth:21.0.1] AndroidManifest.xml:29:13-46
116            android:exported="true"
116-->[com.google.firebase:firebase-auth:21.0.1] AndroidManifest.xml:30:13-36
117            android:launchMode="singleTask"
117-->[com.google.firebase:firebase-auth:21.0.1] AndroidManifest.xml:31:13-44
118            android:theme="@android:style/Theme.Translucent.NoTitleBar" >
118-->[com.google.firebase:firebase-auth:21.0.1] AndroidManifest.xml:32:13-72
119            <intent-filter>
119-->[com.google.firebase:firebase-auth:21.0.1] AndroidManifest.xml:33:13-43:29
120                <action android:name="android.intent.action.VIEW" />
120-->[com.google.firebase:firebase-auth:21.0.1] AndroidManifest.xml:34:17-69
120-->[com.google.firebase:firebase-auth:21.0.1] AndroidManifest.xml:34:25-66
121
122                <category android:name="android.intent.category.DEFAULT" />
122-->[com.google.firebase:firebase-auth:21.0.1] AndroidManifest.xml:36:17-76
122-->[com.google.firebase:firebase-auth:21.0.1] AndroidManifest.xml:36:27-73
123                <category android:name="android.intent.category.BROWSABLE" />
123-->[com.google.firebase:firebase-auth:21.0.1] AndroidManifest.xml:37:17-78
123-->[com.google.firebase:firebase-auth:21.0.1] AndroidManifest.xml:37:27-75
124
125                <data
125-->[:file_picker] AndroidManifest.xml:13:13-44
126                    android:host="firebase.auth"
127                    android:path="/"
128                    android:scheme="genericidp" />
129            </intent-filter>
130        </activity>
131        <activity
131-->[com.google.firebase:firebase-auth:21.0.1] AndroidManifest.xml:45:9-62:20
132            android:name="com.google.firebase.auth.internal.RecaptchaActivity"
132-->[com.google.firebase:firebase-auth:21.0.1] AndroidManifest.xml:46:13-79
133            android:excludeFromRecents="true"
133-->[com.google.firebase:firebase-auth:21.0.1] AndroidManifest.xml:47:13-46
134            android:exported="true"
134-->[com.google.firebase:firebase-auth:21.0.1] AndroidManifest.xml:48:13-36
135            android:launchMode="singleTask"
135-->[com.google.firebase:firebase-auth:21.0.1] AndroidManifest.xml:49:13-44
136            android:theme="@android:style/Theme.Translucent.NoTitleBar" >
136-->[com.google.firebase:firebase-auth:21.0.1] AndroidManifest.xml:50:13-72
137            <intent-filter>
137-->[com.google.firebase:firebase-auth:21.0.1] AndroidManifest.xml:51:13-61:29
138                <action android:name="android.intent.action.VIEW" />
138-->[com.google.firebase:firebase-auth:21.0.1] AndroidManifest.xml:34:17-69
138-->[com.google.firebase:firebase-auth:21.0.1] AndroidManifest.xml:34:25-66
139
140                <category android:name="android.intent.category.DEFAULT" />
140-->[com.google.firebase:firebase-auth:21.0.1] AndroidManifest.xml:36:17-76
140-->[com.google.firebase:firebase-auth:21.0.1] AndroidManifest.xml:36:27-73
141                <category android:name="android.intent.category.BROWSABLE" />
141-->[com.google.firebase:firebase-auth:21.0.1] AndroidManifest.xml:37:17-78
141-->[com.google.firebase:firebase-auth:21.0.1] AndroidManifest.xml:37:27-75
142
143                <data
143-->[:file_picker] AndroidManifest.xml:13:13-44
144                    android:host="firebase.auth"
145                    android:path="/"
146                    android:scheme="recaptcha" />
147            </intent-filter>
148        </activity>
149
150        <service
150-->[com.google.firebase:firebase-auth:21.0.1] AndroidManifest.xml:64:9-73:19
151            android:name="com.google.firebase.auth.api.fallback.service.FirebaseAuthFallbackService"
151-->[com.google.firebase:firebase-auth:21.0.1] AndroidManifest.xml:65:13-101
152            android:enabled="true"
152-->[com.google.firebase:firebase-auth:21.0.1] AndroidManifest.xml:66:13-35
153            android:exported="false" >
153-->[com.google.firebase:firebase-auth:21.0.1] AndroidManifest.xml:67:13-37
154            <intent-filter>
154-->[com.google.firebase:firebase-auth:21.0.1] AndroidManifest.xml:68:13-72:29
155                <action android:name="com.google.firebase.auth.api.gms.service.START" />
155-->[com.google.firebase:firebase-auth:21.0.1] AndroidManifest.xml:69:17-89
155-->[com.google.firebase:firebase-auth:21.0.1] AndroidManifest.xml:69:25-86
156
157                <category android:name="android.intent.category.DEFAULT" />
157-->[com.google.firebase:firebase-auth:21.0.1] AndroidManifest.xml:36:17-76
157-->[com.google.firebase:firebase-auth:21.0.1] AndroidManifest.xml:36:27-73
158            </intent-filter>
159        </service>
160
161        <provider
161-->[com.google.firebase:firebase-common:20.0.0] AndroidManifest.xml:26:9-31:39
162            android:name="com.google.firebase.provider.FirebaseInitProvider"
162-->[com.google.firebase:firebase-common:20.0.0] AndroidManifest.xml:27:13-77
163            android:authorities="com.example.toll_plaza.firebaseinitprovider"
163-->[com.google.firebase:firebase-common:20.0.0] AndroidManifest.xml:28:13-72
164            android:directBootAware="true"
164-->[com.google.firebase:firebase-common:20.0.0] AndroidManifest.xml:29:13-43
165            android:exported="false"
165-->[com.google.firebase:firebase-common:20.0.0] AndroidManifest.xml:30:13-37
166            android:initOrder="100" />
166-->[com.google.firebase:firebase-common:20.0.0] AndroidManifest.xml:31:13-36
167
168        <activity
168-->[com.google.android.gms:play-services-base:17.1.0] AndroidManifest.xml:23:9-26:75
169            android:name="com.google.android.gms.common.api.GoogleApiActivity"
169-->[com.google.android.gms:play-services-base:17.1.0] AndroidManifest.xml:24:13-79
170            android:exported="false"
170-->[com.google.android.gms:play-services-base:17.1.0] AndroidManifest.xml:25:13-37
171            android:theme="@android:style/Theme.Translucent.NoTitleBar" />
171-->[com.google.android.gms:play-services-base:17.1.0] AndroidManifest.xml:26:13-72
172
173        <receiver
173-->[com.google.android.gms:play-services-measurement:19.0.2] AndroidManifest.xml:29:9-33:20
174            android:name="com.google.android.gms.measurement.AppMeasurementReceiver"
174-->[com.google.android.gms:play-services-measurement:19.0.2] AndroidManifest.xml:30:13-85
175            android:enabled="true"
175-->[com.google.android.gms:play-services-measurement:19.0.2] AndroidManifest.xml:31:13-35
176            android:exported="false" >
176-->[com.google.android.gms:play-services-measurement:19.0.2] AndroidManifest.xml:32:13-37
177        </receiver>
178
179        <service
179-->[com.google.android.gms:play-services-measurement:19.0.2] AndroidManifest.xml:35:9-38:40
180            android:name="com.google.android.gms.measurement.AppMeasurementService"
180-->[com.google.android.gms:play-services-measurement:19.0.2] AndroidManifest.xml:36:13-84
181            android:enabled="true"
181-->[com.google.android.gms:play-services-measurement:19.0.2] AndroidManifest.xml:37:13-35
182            android:exported="false" />
182-->[com.google.android.gms:play-services-measurement:19.0.2] AndroidManifest.xml:38:13-37
183        <service
183-->[com.google.android.gms:play-services-measurement:19.0.2] AndroidManifest.xml:39:9-43:72
184            android:name="com.google.android.gms.measurement.AppMeasurementJobService"
184-->[com.google.android.gms:play-services-measurement:19.0.2] AndroidManifest.xml:40:13-87
185            android:enabled="true"
185-->[com.google.android.gms:play-services-measurement:19.0.2] AndroidManifest.xml:41:13-35
186            android:exported="false"
186-->[com.google.android.gms:play-services-measurement:19.0.2] AndroidManifest.xml:42:13-37
187            android:permission="android.permission.BIND_JOB_SERVICE" />
187-->[com.google.android.gms:play-services-measurement:19.0.2] AndroidManifest.xml:43:13-69
188
189        <meta-data
189-->[com.google.android.gms:play-services-basement:17.1.0] AndroidManifest.xml:23:9-25:69
190            android:name="com.google.android.gms.version"
190-->[com.google.android.gms:play-services-basement:17.1.0] AndroidManifest.xml:24:13-58
191            android:value="@integer/google_play_services_version" />
191-->[com.google.android.gms:play-services-basement:17.1.0] AndroidManifest.xml:25:13-66
192    </application>
193
194</manifest>